{"/Users/alex/Documents/projects/street-eye-app/components/task/SavedTasksList.tsx": {"path":"/Users/alex/Documents/projects/street-eye-app/components/task/SavedTasksList.tsx","statementMap":{"0":{"start":{"line":28,"column":2},"end":{"line":28,"column":22}},"1":{"start":{"line":28,"column":12},"end":{"line":28,"column":22}},"2":{"start":{"line":29,"column":13},"end":{"line":29,"column":36}},"3":{"start":{"line":30,"column":2},"end":{"line":30,"column":27}},"4":{"start":{"line":30,"column":17},"end":{"line":30,"column":27}},"5":{"start":{"line":31,"column":15},"end":{"line":31,"column":57}},"6":{"start":{"line":32,"column":2},"end":{"line":32,"column":41}},"7":{"start":{"line":32,"column":17},"end":{"line":32,"column":41}},"8":{"start":{"line":33,"column":2},"end":{"line":33,"column":46}},"9":{"start":{"line":33,"column":18},"end":{"line":33,"column":46}},"10":{"start":{"line":34,"column":2},"end":{"line":34,"column":45}},"11":{"start":{"line":38,"column":16},"end":{"line":38,"column":32}},"12":{"start":{"line":39,"column":16},"end":{"line":39,"column":30}},"13":{"start":{"line":41,"column":34},"end":{"line":41,"column":62}},"14":{"start":{"line":42,"column":34},"end":{"line":42,"column":48}},"15":{"start":{"line":43,"column":34},"end":{"line":43,"column":69}},"16":{"start":{"line":44,"column":36},"end":{"line":44,"column":51}},"17":{"start":{"line":45,"column":36},"end":{"line":45,"column":51}},"18":{"start":{"line":47,"column":20},"end":{"line":47,"column":59}},"19":{"start":{"line":49,"column":23},"end":{"line":67,"column":11}},"20":{"start":{"line":51,"column":42},"end":{"line":51,"column":46}},"21":{"start":{"line":52,"column":41},"end":{"line":52,"column":45}},"22":{"start":{"line":54,"column":8},"end":{"line":54,"column":47}},"23":{"start":{"line":54,"column":22},"end":{"line":54,"column":47}},"24":{"start":{"line":57,"column":8},"end":{"line":64,"column":9}},"25":{"start":{"line":58,"column":10},"end":{"line":61,"column":13}},"26":{"start":{"line":59,"column":12},"end":{"line":59,"column":32}},"27":{"start":{"line":60,"column":12},"end":{"line":60,"column":30}},"28":{"start":{"line":63,"column":10},"end":{"line":63,"column":113}},"29":{"start":{"line":69,"column":15},"end":{"line":90,"column":8}},"30":{"start":{"line":70,"column":4},"end":{"line":70,"column":50}},"31":{"start":{"line":71,"column":4},"end":{"line":71,"column":21}},"32":{"start":{"line":72,"column":4},"end":{"line":89,"column":5}},"33":{"start":{"line":73,"column":21},"end":{"line":73,"column":49}},"34":{"start":{"line":74,"column":19},"end":{"line":74,"column":53}},"35":{"start":{"line":75,"column":6},"end":{"line":75,"column":65}},"36":{"start":{"line":77,"column":19},"end":{"line":77,"column":36}},"37":{"start":{"line":78,"column":21},"end":{"line":82,"column":8}},"38":{"start":{"line":79,"column":8},"end":{"line":79,"column":41}},"39":{"start":{"line":79,"column":28},"end":{"line":79,"column":41}},"40":{"start":{"line":80,"column":8},"end":{"line":80,"column":23}},"41":{"start":{"line":81,"column":8},"end":{"line":81,"column":20}},"42":{"start":{"line":83,"column":6},"end":{"line":83,"column":23}},"43":{"start":{"line":85,"column":6},"end":{"line":85,"column":64}},"44":{"start":{"line":88,"column":6},"end":{"line":88,"column":24}},"45":{"start":{"line":92,"column":2},"end":{"line":92,"column":39}},"46":{"start":{"line":92,"column":20},"end":{"line":92,"column":27}},"47":{"start":{"line":96,"column":20},"end":{"line":106,"column":3}},"48":{"start":{"line":97,"column":4},"end":{"line":97,"column":22}},"49":{"start":{"line":98,"column":4},"end":{"line":98,"column":23}},"50":{"start":{"line":99,"column":4},"end":{"line":99,"column":28}},"51":{"start":{"line":100,"column":4},"end":{"line":105,"column":15}},"52":{"start":{"line":108,"column":21},"end":{"line":118,"column":3}},"53":{"start":{"line":109,"column":4},"end":{"line":117,"column":7}},"54":{"start":{"line":114,"column":6},"end":{"line":114,"column":26}},"55":{"start":{"line":115,"column":6},"end":{"line":115,"column":24}},"56":{"start":{"line":116,"column":6},"end":{"line":116,"column":15}},"57":{"start":{"line":122,"column":23},"end":{"line":137,"column":3}},"58":{"start":{"line":123,"column":4},"end":{"line":123,"column":26}},"59":{"start":{"line":123,"column":19},"end":{"line":123,"column":26}},"60":{"start":{"line":124,"column":4},"end":{"line":124,"column":22}},"61":{"start":{"line":125,"column":4},"end":{"line":136,"column":5}},"62":{"start":{"line":126,"column":6},"end":{"line":126,"column":44}},"63":{"start":{"line":127,"column":6},"end":{"line":127,"column":28}},"64":{"start":{"line":129,"column":19},"end":{"line":129,"column":49}},"65":{"start":{"line":130,"column":6},"end":{"line":134,"column":7}},"66":{"start":{"line":131,"column":8},"end":{"line":131,"column":63}},"67":{"start":{"line":133,"column":8},"end":{"line":133,"column":93}},"68":{"start":{"line":135,"column":6},"end":{"line":135,"column":25}},"69":{"start":{"line":139,"column":23},"end":{"line":166,"column":3}},"70":{"start":{"line":140,"column":4},"end":{"line":140,"column":26}},"71":{"start":{"line":140,"column":19},"end":{"line":140,"column":26}},"72":{"start":{"line":141,"column":22},"end":{"line":141,"column":33}},"73":{"start":{"line":142,"column":4},"end":{"line":165,"column":6}},"74":{"start":{"line":151,"column":12},"end":{"line":161,"column":15}},"75":{"start":{"line":152,"column":14},"end":{"line":160,"column":15}},"76":{"start":{"line":153,"column":16},"end":{"line":153,"column":69}},"77":{"start":{"line":154,"column":16},"end":{"line":154,"column":71}},"78":{"start":{"line":154,"column":33},"end":{"line":154,"column":69}},"79":{"start":{"line":154,"column":50},"end":{"line":154,"column":68}},"80":{"start":{"line":156,"column":16},"end":{"line":159,"column":18}},"81":{"start":{"line":170,"column":2},"end":{"line":170,"column":49}},"82":{"start":{"line":170,"column":37},"end":{"line":170,"column":49}},"83":{"start":{"line":172,"column":2},"end":{"line":282,"column":4}},"84":{"start":{"line":182,"column":8},"end":{"line":195,"column":27}},"85":{"start":{"line":185,"column":25},"end":{"line":185,"column":40}},"86":{"start":{"line":204,"column":30},"end":{"line":204,"column":42}},"87":{"start":{"line":208,"column":51},"end":{"line":208,"column":63}},"88":{"start":{"line":287,"column":10},"end":{"line":329,"column":2}}},"fnMap":{"0":{"name":"relativeDate","decl":{"start":{"line":27,"column":9},"end":{"line":27,"column":21}},"loc":{"start":{"line":27,"column":105},"end":{"line":35,"column":1}},"line":27},"1":{"name":"SavedTasksList","decl":{"start":{"line":37,"column":16},"end":{"line":37,"column":30}},"loc":{"start":{"line":37,"column":53},"end":{"line":283,"column":1}},"line":37},"2":{"name":"(anonymous_2)","decl":{"start":{"line":51,"column":36},"end":{"line":51,"column":37}},"loc":{"start":{"line":51,"column":42},"end":{"line":51,"column":46}},"line":51},"3":{"name":"(anonymous_3)","decl":{"start":{"line":52,"column":35},"end":{"line":52,"column":36}},"loc":{"start":{"line":52,"column":41},"end":{"line":52,"column":45}},"line":52},"4":{"name":"(anonymous_4)","decl":{"start":{"line":53,"column":26},"end":{"line":53,"column":27}},"loc":{"start":{"line":53,"column":36},"end":{"line":55,"column":7}},"line":53},"5":{"name":"(anonymous_5)","decl":{"start":{"line":56,"column":29},"end":{"line":56,"column":30}},"loc":{"start":{"line":56,"column":39},"end":{"line":65,"column":7}},"line":56},"6":{"name":"(anonymous_6)","decl":{"start":{"line":58,"column":99},"end":{"line":58,"column":100}},"loc":{"start":{"line":58,"column":105},"end":{"line":61,"column":11}},"line":58},"7":{"name":"(anonymous_7)","decl":{"start":{"line":69,"column":27},"end":{"line":69,"column":28}},"loc":{"start":{"line":69,"column":39},"end":{"line":90,"column":3}},"line":69},"8":{"name":"(anonymous_8)","decl":{"start":{"line":78,"column":33},"end":{"line":78,"column":34}},"loc":{"start":{"line":78,"column":38},"end":{"line":82,"column":7}},"line":78},"9":{"name":"(anonymous_9)","decl":{"start":{"line":92,"column":12},"end":{"line":92,"column":13}},"loc":{"start":{"line":92,"column":18},"end":{"line":92,"column":29}},"line":92},"10":{"name":"(anonymous_10)","decl":{"start":{"line":96,"column":20},"end":{"line":96,"column":21}},"loc":{"start":{"line":96,"column":44},"end":{"line":106,"column":3}},"line":96},"11":{"name":"(anonymous_11)","decl":{"start":{"line":108,"column":21},"end":{"line":108,"column":22}},"loc":{"start":{"line":108,"column":44},"end":{"line":118,"column":3}},"line":108},"12":{"name":"(anonymous_12)","decl":{"start":{"line":113,"column":13},"end":{"line":113,"column":14}},"loc":{"start":{"line":113,"column":19},"end":{"line":117,"column":5}},"line":113},"13":{"name":"(anonymous_13)","decl":{"start":{"line":122,"column":23},"end":{"line":122,"column":24}},"loc":{"start":{"line":122,"column":35},"end":{"line":137,"column":3}},"line":122},"14":{"name":"(anonymous_14)","decl":{"start":{"line":139,"column":23},"end":{"line":139,"column":24}},"loc":{"start":{"line":139,"column":29},"end":{"line":166,"column":3}},"line":139},"15":{"name":"(anonymous_15)","decl":{"start":{"line":150,"column":19},"end":{"line":150,"column":20}},"loc":{"start":{"line":150,"column":25},"end":{"line":162,"column":11}},"line":150},"16":{"name":"(anonymous_16)","decl":{"start":{"line":151,"column":23},"end":{"line":151,"column":24}},"loc":{"start":{"line":151,"column":35},"end":{"line":161,"column":13}},"line":151},"17":{"name":"(anonymous_17)","decl":{"start":{"line":154,"column":25},"end":{"line":154,"column":26}},"loc":{"start":{"line":154,"column":33},"end":{"line":154,"column":69}},"line":154},"18":{"name":"(anonymous_18)","decl":{"start":{"line":154,"column":45},"end":{"line":154,"column":46}},"loc":{"start":{"line":154,"column":50},"end":{"line":154,"column":68}},"line":154},"19":{"name":"(anonymous_19)","decl":{"start":{"line":181,"column":17},"end":{"line":181,"column":18}},"loc":{"start":{"line":182,"column":8},"end":{"line":195,"column":27}},"line":182},"20":{"name":"(anonymous_20)","decl":{"start":{"line":185,"column":19},"end":{"line":185,"column":20}},"loc":{"start":{"line":185,"column":25},"end":{"line":185,"column":40}},"line":185},"21":{"name":"(anonymous_21)","decl":{"start":{"line":204,"column":24},"end":{"line":204,"column":25}},"loc":{"start":{"line":204,"column":30},"end":{"line":204,"column":42}},"line":204},"22":{"name":"(anonymous_22)","decl":{"start":{"line":208,"column":45},"end":{"line":208,"column":46}},"loc":{"start":{"line":208,"column":51},"end":{"line":208,"column":63}},"line":208}},"branchMap":{"0":{"loc":{"start":{"line":28,"column":2},"end":{"line":28,"column":22}},"type":"if","locations":[{"start":{"line":28,"column":2},"end":{"line":28,"column":22}},{"start":{},"end":{}}],"line":28},"1":{"loc":{"start":{"line":30,"column":2},"end":{"line":30,"column":27}},"type":"if","locations":[{"start":{"line":30,"column":2},"end":{"line":30,"column":27}},{"start":{},"end":{}}],"line":30},"2":{"loc":{"start":{"line":32,"column":2},"end":{"line":32,"column":41}},"type":"if","locations":[{"start":{"line":32,"column":2},"end":{"line":32,"column":41}},{"start":{},"end":{}}],"line":32},"3":{"loc":{"start":{"line":33,"column":2},"end":{"line":33,"column":46}},"type":"if","locations":[{"start":{"line":33,"column":2},"end":{"line":33,"column":46}},{"start":{},"end":{}}],"line":33},"4":{"loc":{"start":{"line":54,"column":8},"end":{"line":54,"column":47}},"type":"if","locations":[{"start":{"line":54,"column":8},"end":{"line":54,"column":47}},{"start":{},"end":{}}],"line":54},"5":{"loc":{"start":{"line":57,"column":8},"end":{"line":64,"column":9}},"type":"if","locations":[{"start":{"line":57,"column":8},"end":{"line":64,"column":9}},{"start":{"line":62,"column":15},"end":{"line":64,"column":9}}],"line":57},"6":{"loc":{"start":{"line":57,"column":12},"end":{"line":57,"column":35}},"type":"binary-expr","locations":[{"start":{"line":57,"column":12},"end":{"line":57,"column":21}},{"start":{"line":57,"column":25},"end":{"line":57,"column":35}}],"line":57},"7":{"loc":{"start":{"line":79,"column":8},"end":{"line":79,"column":41}},"type":"if","locations":[{"start":{"line":79,"column":8},"end":{"line":79,"column":41}},{"start":{},"end":{}}],"line":79},"8":{"loc":{"start":{"line":123,"column":4},"end":{"line":123,"column":26}},"type":"if","locations":[{"start":{"line":123,"column":4},"end":{"line":123,"column":26}},{"start":{},"end":{}}],"line":123},"9":{"loc":{"start":{"line":130,"column":6},"end":{"line":134,"column":7}},"type":"if","locations":[{"start":{"line":130,"column":6},"end":{"line":134,"column":7}},{"start":{"line":132,"column":13},"end":{"line":134,"column":7}}],"line":130},"10":{"loc":{"start":{"line":140,"column":4},"end":{"line":140,"column":26}},"type":"if","locations":[{"start":{"line":140,"column":4},"end":{"line":140,"column":26}},{"start":{},"end":{}}],"line":140},"11":{"loc":{"start":{"line":170,"column":2},"end":{"line":170,"column":49}},"type":"if","locations":[{"start":{"line":170,"column":2},"end":{"line":170,"column":49}},{"start":{},"end":{}}],"line":170},"12":{"loc":{"start":{"line":170,"column":6},"end":{"line":170,"column":35}},"type":"binary-expr","locations":[{"start":{"line":170,"column":6},"end":{"line":170,"column":13}},{"start":{"line":170,"column":17},"end":{"line":170,"column":35}}],"line":170},"13":{"loc":{"start":{"line":193,"column":51},"end":{"line":193,"column":85}},"type":"binary-expr","locations":[{"start":{"line":193,"column":51},"end":{"line":193,"column":67}},{"start":{"line":193,"column":71},"end":{"line":193,"column":85}}],"line":193},"14":{"loc":{"start":{"line":216,"column":13},"end":{"line":277,"column":13}},"type":"binary-expr","locations":[{"start":{"line":216,"column":13},"end":{"line":216,"column":21}},{"start":{"line":217,"column":14},"end":{"line":276,"column":17}}],"line":216},"15":{"loc":{"start":{"line":240,"column":19},"end":{"line":250,"column":19}},"type":"binary-expr","locations":[{"start":{"line":240,"column":19},"end":{"line":240,"column":33}},{"start":{"line":241,"column":20},"end":{"line":249,"column":27}}],"line":240},"16":{"loc":{"start":{"line":256,"column":42},"end":{"line":256,"column":67}},"type":"binary-expr","locations":[{"start":{"line":256,"column":42},"end":{"line":256,"column":50}},{"start":{"line":256,"column":54},"end":{"line":256,"column":67}}],"line":256},"17":{"loc":{"start":{"line":261,"column":21},"end":{"line":263,"column":78}},"type":"cond-expr","locations":[{"start":{"line":262,"column":24},"end":{"line":262,"column":71}},{"start":{"line":263,"column":24},"end":{"line":263,"column":78}}],"line":261},"18":{"loc":{"start":{"line":307,"column":127},"end":{"line":307,"column":172}},"type":"cond-expr","locations":[{"start":{"line":307,"column":151},"end":{"line":307,"column":153}},{"start":{"line":307,"column":156},"end":{"line":307,"column":172}}],"line":307}},"s":{"0":21,"1":0,"2":21,"3":21,"4":0,"5":21,"6":21,"7":21,"8":0,"9":0,"10":0,"11":40,"12":40,"13":40,"14":40,"15":40,"16":40,"17":40,"18":40,"19":40,"20":0,"21":0,"22":0,"23":0,"24":0,"25":0,"26":0,"27":0,"28":0,"29":40,"30":15,"31":15,"32":15,"33":15,"34":15,"35":13,"36":13,"37":13,"38":12,"39":1,"40":11,"41":11,"42":13,"43":1,"44":14,"45":40,"46":15,"47":40,"48":7,"49":7,"50":7,"51":7,"52":40,"53":2,"54":2,"55":2,"56":2,"57":40,"58":3,"59":0,"60":3,"61":3,"62":3,"63":1,"64":2,"65":2,"66":1,"67":1,"68":2,"69":40,"70":2,"71":0,"72":2,"73":2,"74":1,"75":1,"76":1,"77":1,"78":1,"79":1,"80":0,"81":40,"82":19,"83":21,"84":21,"85":7,"86":0,"87":0,"88":1},"f":{"0":21,"1":40,"2":0,"3":0,"4":0,"5":0,"6":0,"7":15,"8":12,"9":15,"10":7,"11":2,"12":2,"13":3,"14":2,"15":1,"16":1,"17":1,"18":1,"19":21,"20":7,"21":0,"22":0},"b":{"0":[0,21],"1":[0,21],"2":[21,0],"3":[0,0],"4":[0,0],"5":[0,0],"6":[0,0],"7":[1,11],"8":[0,3],"9":[1,1],"10":[0,2],"11":[19,21],"12":[40,25],"13":[21,21],"14":[21,10],"15":[10,10],"16":[10,1],"17":[1,9],"18":[1,0]},"_coverageSchema":"1a1c01bbd47fc00a2c39e90264f33305004495a9","hash":"cfe85c599152cc516a7048dbeb4745a10ce098c3"}
,"/Users/alex/Documents/projects/street-eye-app/constants/theme.ts": {"path":"/Users/alex/Documents/projects/street-eye-app/constants/theme.ts","statementMap":{"0":{"start":{"line":3,"column":21},"end":{"line":36,"column":1}},"1":{"start":{"line":39,"column":22},"end":{"line":56,"column":1}}},"fnMap":{},"branchMap":{"0":{"loc":{"start":{"line":27,"column":12},"end":{"line":27,"column":55}},"type":"cond-expr","locations":[{"start":{"line":27,"column":36},"end":{"line":27,"column":44}},{"start":{"line":27,"column":47},"end":{"line":27,"column":55}}],"line":27}},"s":{"0":1,"1":1},"f":{},"b":{"0":[1,0]},"_coverageSchema":"1a1c01bbd47fc00a2c39e90264f33305004495a9","hash":"d74b519a1394049c325aed177cb771d3dccd17bb"}
,"/Users/alex/Documents/projects/street-eye-app/lib/api/sessions.ts": {"path":"/Users/alex/Documents/projects/street-eye-app/lib/api/sessions.ts","statementMap":{"0":{"start":{"line":40,"column":27},"end":{"line":109,"column":1}},"1":{"start":{"line":42,"column":16},"end":{"line":42,"column":55}},"2":{"start":{"line":43,"column":14},"end":{"line":43,"column":27}},"3":{"start":{"line":44,"column":4},"end":{"line":44,"column":94}},"4":{"start":{"line":51,"column":16},"end":{"line":51,"column":62}},"5":{"start":{"line":52,"column":14},"end":{"line":52,"column":27}},"6":{"start":{"line":53,"column":4},"end":{"line":53,"column":94}},"7":{"start":{"line":57,"column":4},"end":{"line":77,"column":5}},"8":{"start":{"line":58,"column":18},"end":{"line":60,"column":8}},"9":{"start":{"line":61,"column":16},"end":{"line":61,"column":29}},"10":{"start":{"line":62,"column":6},"end":{"line":73,"column":8}},"11":{"start":{"line":75,"column":6},"end":{"line":75,"column":51}},"12":{"start":{"line":75,"column":39},"end":{"line":75,"column":51}},"13":{"start":{"line":76,"column":6},"end":{"line":76,"column":14}},"14":{"start":{"line":81,"column":4},"end":{"line":107,"column":5}},"15":{"start":{"line":82,"column":18},"end":{"line":85,"column":8}},"16":{"start":{"line":86,"column":6},"end":{"line":86,"column":77}},"17":{"start":{"line":87,"column":18},"end":{"line":87,"column":31}},"18":{"start":{"line":89,"column":27},"end":{"line":89,"column":72}},"19":{"start":{"line":90,"column":6},"end":{"line":90,"column":59}},"20":{"start":{"line":91,"column":6},"end":{"line":103,"column":10}},"21":{"start":{"line":91,"column":32},"end":{"line":103,"column":7}},"22":{"start":{"line":105,"column":6},"end":{"line":105,"column":95}},"23":{"start":{"line":106,"column":6},"end":{"line":106,"column":16}}},"fnMap":{"0":{"name":"(anonymous_0)","decl":{"start":{"line":41,"column":2},"end":{"line":41,"column":3}},"loc":{"start":{"line":41,"column":49},"end":{"line":45,"column":3}},"line":41},"1":{"name":"(anonymous_1)","decl":{"start":{"line":47,"column":2},"end":{"line":47,"column":3}},"loc":{"start":{"line":50,"column":22},"end":{"line":54,"column":3}},"line":50},"2":{"name":"(anonymous_2)","decl":{"start":{"line":56,"column":2},"end":{"line":56,"column":3}},"loc":{"start":{"line":56,"column":70},"end":{"line":78,"column":3}},"line":56},"3":{"name":"(anonymous_3)","decl":{"start":{"line":80,"column":2},"end":{"line":80,"column":3}},"loc":{"start":{"line":80,"column":63},"end":{"line":108,"column":3}},"line":80},"4":{"name":"(anonymous_4)","decl":{"start":{"line":91,"column":23},"end":{"line":91,"column":24}},"loc":{"start":{"line":91,"column":32},"end":{"line":103,"column":7}},"line":91}},"branchMap":{"0":{"loc":{"start":{"line":75,"column":6},"end":{"line":75,"column":51}},"type":"if","locations":[{"start":{"line":75,"column":6},"end":{"line":75,"column":51}},{"start":{},"end":{}}],"line":75},"1":{"loc":{"start":{"line":89,"column":27},"end":{"line":89,"column":72}},"type":"cond-expr","locations":[{"start":{"line":89,"column":48},"end":{"line":89,"column":51}},{"start":{"line":89,"column":55},"end":{"line":89,"column":71}}],"line":89},"2":{"loc":{"start":{"line":89,"column":55},"end":{"line":89,"column":71}},"type":"binary-expr","locations":[{"start":{"line":89,"column":55},"end":{"line":89,"column":65}},{"start":{"line":89,"column":69},"end":{"line":89,"column":71}}],"line":89},"3":{"loc":{"start":{"line":105,"column":62},"end":{"line":105,"column":93}},"type":"binary-expr","locations":[{"start":{"line":105,"column":62},"end":{"line":105,"column":79}},{"start":{"line":105,"column":83},"end":{"line":105,"column":93}}],"line":105}},"s":{"0":1,"1":1,"2":1,"3":1,"4":1,"5":1,"6":1,"7":3,"8":3,"9":1,"10":1,"11":2,"12":1,"13":1,"14":3,"15":3,"16":2,"17":2,"18":2,"19":2,"20":2,"21":2,"22":1,"23":1},"f":{"0":1,"1":1,"2":3,"3":3,"4":2},"b":{"0":[1,1],"1":[1,1],"2":[1,0],"3":[1,1]},"_coverageSchema":"1a1c01bbd47fc00a2c39e90264f33305004495a9","hash":"6a7feeae13b2bf43ed250c5bdc308cfe2bf01de6"}
,"/Users/alex/Documents/projects/street-eye-app/lib/api/tasks.ts": {"path":"/Users/alex/Documents/projects/street-eye-app/lib/api/tasks.ts","statementMap":{"0":{"start":{"line":20,"column":26},"end":{"line":21,"column":41}},"1":{"start":{"line":21,"column":2},"end":{"line":21,"column":41}},"2":{"start":{"line":23,"column":24},"end":{"line":58,"column":1}},"3":{"start":{"line":29,"column":34},"end":{"line":29,"column":78}},"4":{"start":{"line":30,"column":16},"end":{"line":37,"column":6}},"5":{"start":{"line":38,"column":4},"end":{"line":38,"column":25}},"6":{"start":{"line":45,"column":16},"end":{"line":48,"column":6}},"7":{"start":{"line":49,"column":4},"end":{"line":49,"column":25}},"8":{"start":{"line":53,"column":16},"end":{"line":55,"column":6}},"9":{"start":{"line":56,"column":4},"end":{"line":56,"column":25}}},"fnMap":{"0":{"name":"(anonymous_0)","decl":{"start":{"line":20,"column":26},"end":{"line":20,"column":27}},"loc":{"start":{"line":21,"column":2},"end":{"line":21,"column":41}},"line":21},"1":{"name":"(anonymous_1)","decl":{"start":{"line":24,"column":2},"end":{"line":24,"column":3}},"loc":{"start":{"line":28,"column":20},"end":{"line":39,"column":3}},"line":28},"2":{"name":"(anonymous_2)","decl":{"start":{"line":41,"column":2},"end":{"line":41,"column":3}},"loc":{"start":{"line":44,"column":20},"end":{"line":50,"column":3}},"line":44},"3":{"name":"(anonymous_3)","decl":{"start":{"line":52,"column":2},"end":{"line":52,"column":3}},"loc":{"start":{"line":52,"column":64},"end":{"line":57,"column":3}},"line":52}},"branchMap":{"0":{"loc":{"start":{"line":21,"column":2},"end":{"line":21,"column":41}},"type":"cond-expr","locations":[{"start":{"line":21,"column":24},"end":{"line":21,"column":37}},{"start":{"line":21,"column":40},"end":{"line":21,"column":41}}],"line":21},"1":{"loc":{"start":{"line":47,"column":14},"end":{"line":47,"column":88}},"type":"cond-expr","locations":[{"start":{"line":47,"column":39},"end":{"line":47,"column":76}},{"start":{"line":47,"column":79},"end":{"line":47,"column":88}}],"line":47}},"s":{"0":1,"1":6,"2":1,"3":4,"4":4,"5":4,"6":4,"7":4,"8":1,"9":1},"f":{"0":6,"1":4,"2":4,"3":1},"b":{"0":[2,4],"1":[1,3]},"_coverageSchema":"1a1c01bbd47fc00a2c39e90264f33305004495a9","hash":"9ea7e2c45f90b21571c4d9ff4ce84a15b898c5ee"}
,"/Users/alex/Documents/projects/street-eye-app/lib/i18n/index.ts": {"path":"/Users/alex/Documents/projects/street-eye-app/lib/i18n/index.ts","statementMap":{"0":{"start":{"line":7,"column":21},"end":{"line":7,"column":71}},"1":{"start":{"line":8,"column":22},"end":{"line":8,"column":79}},"2":{"start":{"line":10,"column":0},"end":{"line":18,"column":3}}},"fnMap":{},"branchMap":{"0":{"loc":{"start":{"line":7,"column":21},"end":{"line":7,"column":71}},"type":"binary-expr","locations":[{"start":{"line":7,"column":21},"end":{"line":7,"column":63}},{"start":{"line":7,"column":67},"end":{"line":7,"column":71}}],"line":7},"1":{"loc":{"start":{"line":8,"column":22},"end":{"line":8,"column":79}},"type":"cond-expr","locations":[{"start":{"line":8,"column":60},"end":{"line":8,"column":72}},{"start":{"line":8,"column":75},"end":{"line":8,"column":79}}],"line":8}},"s":{"0":4,"1":4,"2":4},"f":{},"b":{"0":[4,0],"1":[4,0]},"_coverageSchema":"1a1c01bbd47fc00a2c39e90264f33305004495a9","hash":"026979959ac7f8656a89bd3921f4ff74fad6338c"}
,"/Users/alex/Documents/projects/street-eye-app/store/auth.store.ts": {"path":"/Users/alex/Documents/projects/street-eye-app/store/auth.store.ts","statementMap":{"0":{"start":{"line":11,"column":26},"end":{"line":12,"column":41}},"1":{"start":{"line":12,"column":2},"end":{"line":12,"column":41}},"2":{"start":{"line":28,"column":28},"end":{"line":106,"column":3}},"3":{"start":{"line":28,"column":61},"end":{"line":106,"column":1}},"4":{"start":{"line":34,"column":29},"end":{"line":34,"column":119}},"5":{"start":{"line":37,"column":16},"end":{"line":39,"column":6}},"6":{"start":{"line":40,"column":42},"end":{"line":40,"column":55}},"7":{"start":{"line":41,"column":4},"end":{"line":41,"column":66}},"8":{"start":{"line":45,"column":4},"end":{"line":45,"column":63}},"9":{"start":{"line":46,"column":15},"end":{"line":46,"column":41}},"10":{"start":{"line":47,"column":27},"end":{"line":47,"column":42}},"11":{"start":{"line":48,"column":4},"end":{"line":48,"column":54}},"12":{"start":{"line":50,"column":4},"end":{"line":50,"column":43}},"13":{"start":{"line":54,"column":16},"end":{"line":54,"column":61}},"14":{"start":{"line":55,"column":23},"end":{"line":55,"column":49}},"15":{"start":{"line":57,"column":35},"end":{"line":57,"column":79}},"16":{"start":{"line":58,"column":19},"end":{"line":58,"column":60}},"17":{"start":{"line":60,"column":4},"end":{"line":68,"column":7}},"18":{"start":{"line":72,"column":25},"end":{"line":72,"column":72}},"19":{"start":{"line":73,"column":4},"end":{"line":79,"column":5}},"20":{"start":{"line":74,"column":6},"end":{"line":78,"column":7}},"21":{"start":{"line":75,"column":8},"end":{"line":75,"column":57}},"22":{"start":{"line":80,"column":4},"end":{"line":80,"column":69}},"23":{"start":{"line":81,"column":4},"end":{"line":81,"column":55}},"24":{"start":{"line":82,"column":4},"end":{"line":82,"column":49}},"25":{"start":{"line":86,"column":4},"end":{"line":104,"column":5}},"26":{"start":{"line":87,"column":27},"end":{"line":87,"column":74}},"27":{"start":{"line":88,"column":6},"end":{"line":91,"column":7}},"28":{"start":{"line":89,"column":8},"end":{"line":89,"column":34}},"29":{"start":{"line":90,"column":8},"end":{"line":90,"column":21}},"30":{"start":{"line":92,"column":18},"end":{"line":92,"column":67}},"31":{"start":{"line":93,"column":52},"end":{"line":93,"column":65}},"32":{"start":{"line":94,"column":6},"end":{"line":94,"column":58}},"33":{"start":{"line":96,"column":21},"end":{"line":96,"column":70}},"34":{"start":{"line":97,"column":6},"end":{"line":97,"column":80}},"35":{"start":{"line":98,"column":6},"end":{"line":98,"column":18}},"36":{"start":{"line":100,"column":6},"end":{"line":100,"column":57}},"37":{"start":{"line":101,"column":6},"end":{"line":101,"column":51}},"38":{"start":{"line":102,"column":6},"end":{"line":102,"column":89}},"39":{"start":{"line":103,"column":6},"end":{"line":103,"column":19}},"40":{"start":{"line":109,"column":0},"end":{"line":115,"column":3}},"41":{"start":{"line":110,"column":2},"end":{"line":114,"column":3}},"42":{"start":{"line":111,"column":4},"end":{"line":111,"column":78}},"43":{"start":{"line":113,"column":4},"end":{"line":113,"column":53}}},"fnMap":{"0":{"name":"(anonymous_0)","decl":{"start":{"line":11,"column":26},"end":{"line":11,"column":27}},"loc":{"start":{"line":12,"column":2},"end":{"line":12,"column":41}},"line":12},"1":{"name":"(anonymous_1)","decl":{"start":{"line":28,"column":46},"end":{"line":28,"column":47}},"loc":{"start":{"line":28,"column":61},"end":{"line":106,"column":1}},"line":28},"2":{"name":"(anonymous_2)","decl":{"start":{"line":34,"column":18},"end":{"line":34,"column":19}},"loc":{"start":{"line":34,"column":29},"end":{"line":34,"column":119}},"line":34},"3":{"name":"(anonymous_3)","decl":{"start":{"line":36,"column":2},"end":{"line":36,"column":3}},"loc":{"start":{"line":36,"column":35},"end":{"line":51,"column":3}},"line":36},"4":{"name":"(anonymous_4)","decl":{"start":{"line":53,"column":2},"end":{"line":53,"column":3}},"loc":{"start":{"line":53,"column":38},"end":{"line":69,"column":3}},"line":53},"5":{"name":"(anonymous_5)","decl":{"start":{"line":71,"column":2},"end":{"line":71,"column":3}},"loc":{"start":{"line":71,"column":17},"end":{"line":83,"column":3}},"line":71},"6":{"name":"(anonymous_6)","decl":{"start":{"line":85,"column":2},"end":{"line":85,"column":3}},"loc":{"start":{"line":85,"column":43},"end":{"line":105,"column":3}},"line":85},"7":{"name":"(anonymous_7)","decl":{"start":{"line":109,"column":23},"end":{"line":109,"column":24}},"loc":{"start":{"line":109,"column":34},"end":{"line":115,"column":1}},"line":109}},"branchMap":{"0":{"loc":{"start":{"line":12,"column":2},"end":{"line":12,"column":41}},"type":"cond-expr","locations":[{"start":{"line":12,"column":24},"end":{"line":12,"column":37}},{"start":{"line":12,"column":40},"end":{"line":12,"column":41}}],"line":12},"1":{"loc":{"start":{"line":34,"column":89},"end":{"line":34,"column":116}},"type":"cond-expr","locations":[{"start":{"line":34,"column":97},"end":{"line":34,"column":109}},{"start":{"line":34,"column":112},"end":{"line":34,"column":116}}],"line":34},"2":{"loc":{"start":{"line":55,"column":23},"end":{"line":55,"column":49}},"type":"cond-expr","locations":[{"start":{"line":55,"column":29},"end":{"line":55,"column":44}},{"start":{"line":55,"column":47},"end":{"line":55,"column":49}}],"line":55},"3":{"loc":{"start":{"line":57,"column":35},"end":{"line":57,"column":79}},"type":"binary-expr","locations":[{"start":{"line":57,"column":35},"end":{"line":57,"column":65}},{"start":{"line":57,"column":69},"end":{"line":57,"column":79}}],"line":57},"4":{"loc":{"start":{"line":58,"column":20},"end":{"line":58,"column":45}},"type":"binary-expr","locations":[{"start":{"line":58,"column":20},"end":{"line":58,"column":37}},{"start":{"line":58,"column":41},"end":{"line":58,"column":45}}],"line":58},"5":{"loc":{"start":{"line":63,"column":13},"end":{"line":63,"column":43}},"type":"binary-expr","locations":[{"start":{"line":63,"column":13},"end":{"line":63,"column":29}},{"start":{"line":63,"column":33},"end":{"line":63,"column":43}}],"line":63},"6":{"loc":{"start":{"line":73,"column":4},"end":{"line":79,"column":5}},"type":"if","locations":[{"start":{"line":73,"column":4},"end":{"line":79,"column":5}},{"start":{},"end":{}}],"line":73},"7":{"loc":{"start":{"line":88,"column":6},"end":{"line":91,"column":7}},"type":"if","locations":[{"start":{"line":88,"column":6},"end":{"line":91,"column":7}},{"start":{},"end":{}}],"line":88},"8":{"loc":{"start":{"line":96,"column":21},"end":{"line":96,"column":70}},"type":"binary-expr","locations":[{"start":{"line":96,"column":22},"end":{"line":96,"column":63}},{"start":{"line":96,"column":68},"end":{"line":96,"column":70}}],"line":96},"9":{"loc":{"start":{"line":110,"column":2},"end":{"line":114,"column":3}},"type":"if","locations":[{"start":{"line":110,"column":2},"end":{"line":114,"column":3}},{"start":{"line":112,"column":9},"end":{"line":114,"column":3}}],"line":110}},"s":{"0":1,"1":3,"2":1,"3":1,"4":2,"5":2,"6":2,"7":2,"8":2,"9":2,"10":2,"11":2,"12":2,"13":3,"14":3,"15":3,"16":3,"17":3,"18":3,"19":3,"20":2,"21":2,"22":3,"23":3,"24":3,"25":3,"26":3,"27":3,"28":1,"29":1,"30":2,"31":1,"32":1,"33":1,"34":1,"35":1,"36":1,"37":1,"38":1,"39":1,"40":1,"41":28,"42":8,"43":20},"f":{"0":3,"1":1,"2":2,"3":2,"4":3,"5":3,"6":3,"7":28},"b":{"0":[1,2],"1":[1,1],"2":[2,1],"3":[3,1],"4":[3,1],"5":[3,1],"6":[2,1],"7":[1,2],"8":[1,0],"9":[8,20]},"_coverageSchema":"1a1c01bbd47fc00a2c39e90264f33305004495a9","hash":"727d5971fb052bc19c830fa92645a01dc545dc6c"}
,"/Users/alex/Documents/projects/street-eye-app/store/profile.store.ts": {"path":"/Users/alex/Documents/projects/street-eye-app/store/profile.store.ts","statementMap":{"0":{"start":{"line":7,"column":26},"end":{"line":7,"column":49}},"1":{"start":{"line":8,"column":26},"end":{"line":8,"column":45}},"2":{"start":{"line":9,"column":26},"end":{"line":9,"column":38}},"3":{"start":{"line":12,"column":26},"end":{"line":12,"column":82}},"4":{"start":{"line":12,"column":42},"end":{"line":12,"column":81}},"5":{"start":{"line":13,"column":26},"end":{"line":13,"column":82}},"6":{"start":{"line":13,"column":42},"end":{"line":13,"column":81}},"7":{"start":{"line":33,"column":27},"end":{"line":33,"column":54}},"8":{"start":{"line":34,"column":2},"end":{"line":34,"column":61}},"9":{"start":{"line":35,"column":2},"end":{"line":46,"column":5}},"10":{"start":{"line":49,"column":31},"end":{"line":155,"column":3}},"11":{"start":{"line":49,"column":67},"end":{"line":155,"column":1}},"12":{"start":{"line":58,"column":4},"end":{"line":58,"column":27}},"13":{"start":{"line":59,"column":4},"end":{"line":77,"column":5}},"14":{"start":{"line":60,"column":73},"end":{"line":66,"column":8}},"15":{"start":{"line":67,"column":6},"end":{"line":74,"column":9}},"16":{"start":{"line":76,"column":6},"end":{"line":76,"column":30}},"17":{"start":{"line":81,"column":16},"end":{"line":81,"column":51}},"18":{"start":{"line":82,"column":4},"end":{"line":82,"column":33}},"19":{"start":{"line":84,"column":4},"end":{"line":90,"column":5}},"20":{"start":{"line":85,"column":21},"end":{"line":85,"column":60}},"21":{"start":{"line":86,"column":6},"end":{"line":86,"column":40}},"22":{"start":{"line":87,"column":18},"end":{"line":87,"column":63}},"23":{"start":{"line":88,"column":19},"end":{"line":88,"column":45}},"24":{"start":{"line":89,"column":6},"end":{"line":89,"column":89}},"25":{"start":{"line":92,"column":4},"end":{"line":100,"column":5}},"26":{"start":{"line":93,"column":18},"end":{"line":93,"column":63}},"27":{"start":{"line":94,"column":19},"end":{"line":94,"column":45}},"28":{"start":{"line":95,"column":6},"end":{"line":95,"column":44}},"29":{"start":{"line":95,"column":21},"end":{"line":95,"column":44}},"30":{"start":{"line":96,"column":6},"end":{"line":98,"column":7}},"31":{"start":{"line":97,"column":8},"end":{"line":97,"column":69}},"32":{"start":{"line":99,"column":6},"end":{"line":99,"column":74}},"33":{"start":{"line":104,"column":4},"end":{"line":104,"column":51}},"34":{"start":{"line":108,"column":4},"end":{"line":108,"column":37}},"35":{"start":{"line":109,"column":4},"end":{"line":109,"column":18}},"36":{"start":{"line":113,"column":20},"end":{"line":113,"column":46}},"37":{"start":{"line":114,"column":4},"end":{"line":114,"column":67}},"38":{"start":{"line":115,"column":4},"end":{"line":115,"column":63}},"39":{"start":{"line":115,"column":14},"end":{"line":115,"column":63}},"40":{"start":{"line":117,"column":4},"end":{"line":143,"column":5}},"41":{"start":{"line":118,"column":25},"end":{"line":118,"column":70}},"42":{"start":{"line":119,"column":6},"end":{"line":122,"column":7}},"43":{"start":{"line":120,"column":8},"end":{"line":120,"column":45}},"44":{"start":{"line":121,"column":8},"end":{"line":121,"column":15}},"45":{"start":{"line":123,"column":6},"end":{"line":123,"column":43}},"46":{"start":{"line":125,"column":6},"end":{"line":131,"column":7}},"47":{"start":{"line":126,"column":26},"end":{"line":126,"column":69}},"48":{"start":{"line":127,"column":8},"end":{"line":127,"column":67}},"49":{"start":{"line":128,"column":8},"end":{"line":128,"column":55}},"50":{"start":{"line":133,"column":6},"end":{"line":133,"column":65}},"51":{"start":{"line":134,"column":20},"end":{"line":134,"column":62}},"52":{"start":{"line":135,"column":6},"end":{"line":142,"column":7}},"53":{"start":{"line":136,"column":8},"end":{"line":141,"column":9}},"54":{"start":{"line":137,"column":10},"end":{"line":137,"column":50}},"55":{"start":{"line":138,"column":10},"end":{"line":138,"column":56}},"56":{"start":{"line":145,"column":4},"end":{"line":145,"column":66}},"57":{"start":{"line":149,"column":4},"end":{"line":149,"column":18}},"58":{"start":{"line":153,"column":4},"end":{"line":153,"column":49}}},"fnMap":{"0":{"name":"(anonymous_0)","decl":{"start":{"line":12,"column":26},"end":{"line":12,"column":27}},"loc":{"start":{"line":12,"column":42},"end":{"line":12,"column":81}},"line":12},"1":{"name":"(anonymous_1)","decl":{"start":{"line":13,"column":26},"end":{"line":13,"column":27}},"loc":{"start":{"line":13,"column":42},"end":{"line":13,"column":81}},"line":13},"2":{"name":"scheduleDailyReminder","decl":{"start":{"line":32,"column":15},"end":{"line":32,"column":36}},"loc":{"start":{"line":32,"column":51},"end":{"line":47,"column":1}},"line":32},"3":{"name":"(anonymous_3)","decl":{"start":{"line":49,"column":52},"end":{"line":49,"column":53}},"loc":{"start":{"line":49,"column":67},"end":{"line":155,"column":1}},"line":49},"4":{"name":"(anonymous_4)","decl":{"start":{"line":57,"column":2},"end":{"line":57,"column":3}},"loc":{"start":{"line":57,"column":15},"end":{"line":78,"column":3}},"line":57},"5":{"name":"(anonymous_5)","decl":{"start":{"line":80,"column":2},"end":{"line":80,"column":3}},"loc":{"start":{"line":80,"column":24},"end":{"line":101,"column":3}},"line":80},"6":{"name":"(anonymous_6)","decl":{"start":{"line":103,"column":2},"end":{"line":103,"column":3}},"loc":{"start":{"line":103,"column":38},"end":{"line":105,"column":3}},"line":103},"7":{"name":"(anonymous_7)","decl":{"start":{"line":107,"column":2},"end":{"line":107,"column":3}},"loc":{"start":{"line":107,"column":24},"end":{"line":110,"column":3}},"line":107},"8":{"name":"(anonymous_8)","decl":{"start":{"line":112,"column":2},"end":{"line":112,"column":3}},"loc":{"start":{"line":112,"column":40},"end":{"line":146,"column":3}},"line":112},"9":{"name":"(anonymous_9)","decl":{"start":{"line":148,"column":2},"end":{"line":148,"column":3}},"loc":{"start":{"line":148,"column":16},"end":{"line":150,"column":3}},"line":148},"10":{"name":"(anonymous_10)","decl":{"start":{"line":152,"column":2},"end":{"line":152,"column":3}},"loc":{"start":{"line":152,"column":10},"end":{"line":154,"column":3}},"line":152}},"branchMap":{"0":{"loc":{"start":{"line":12,"column":42},"end":{"line":12,"column":81}},"type":"cond-expr","locations":[{"start":{"line":12,"column":64},"end":{"line":12,"column":77}},{"start":{"line":12,"column":80},"end":{"line":12,"column":81}}],"line":12},"1":{"loc":{"start":{"line":13,"column":42},"end":{"line":13,"column":81}},"type":"cond-expr","locations":[{"start":{"line":13,"column":64},"end":{"line":13,"column":77}},{"start":{"line":13,"column":80},"end":{"line":13,"column":81}}],"line":13},"2":{"loc":{"start":{"line":72,"column":30},"end":{"line":72,"column":50}},"type":"binary-expr","locations":[{"start":{"line":72,"column":30},"end":{"line":72,"column":39}},{"start":{"line":72,"column":43},"end":{"line":72,"column":50}}],"line":72},"3":{"loc":{"start":{"line":84,"column":4},"end":{"line":90,"column":5}},"type":"if","locations":[{"start":{"line":84,"column":4},"end":{"line":90,"column":5}},{"start":{},"end":{}}],"line":84},"4":{"loc":{"start":{"line":88,"column":19},"end":{"line":88,"column":45}},"type":"cond-expr","locations":[{"start":{"line":88,"column":25},"end":{"line":88,"column":40}},{"start":{"line":88,"column":43},"end":{"line":88,"column":45}}],"line":88},"5":{"loc":{"start":{"line":92,"column":4},"end":{"line":100,"column":5}},"type":"if","locations":[{"start":{"line":92,"column":4},"end":{"line":100,"column":5}},{"start":{},"end":{}}],"line":92},"6":{"loc":{"start":{"line":92,"column":8},"end":{"line":92,"column":44}},"type":"binary-expr","locations":[{"start":{"line":92,"column":8},"end":{"line":92,"column":17}},{"start":{"line":92,"column":21},"end":{"line":92,"column":44}}],"line":92},"7":{"loc":{"start":{"line":94,"column":19},"end":{"line":94,"column":45}},"type":"cond-expr","locations":[{"start":{"line":94,"column":25},"end":{"line":94,"column":40}},{"start":{"line":94,"column":43},"end":{"line":94,"column":45}}],"line":94},"8":{"loc":{"start":{"line":95,"column":6},"end":{"line":95,"column":44}},"type":"if","locations":[{"start":{"line":95,"column":6},"end":{"line":95,"column":44}},{"start":{},"end":{}}],"line":95},"9":{"loc":{"start":{"line":96,"column":6},"end":{"line":98,"column":7}},"type":"if","locations":[{"start":{"line":96,"column":6},"end":{"line":98,"column":7}},{"start":{},"end":{}}],"line":96},"10":{"loc":{"start":{"line":113,"column":20},"end":{"line":113,"column":46}},"type":"binary-expr","locations":[{"start":{"line":113,"column":20},"end":{"line":113,"column":24}},{"start":{"line":113,"column":28},"end":{"line":113,"column":46}}],"line":113},"11":{"loc":{"start":{"line":115,"column":4},"end":{"line":115,"column":63}},"type":"if","locations":[{"start":{"line":115,"column":4},"end":{"line":115,"column":63}},{"start":{},"end":{}}],"line":115},"12":{"loc":{"start":{"line":117,"column":4},"end":{"line":143,"column":5}},"type":"if","locations":[{"start":{"line":117,"column":4},"end":{"line":143,"column":5}},{"start":{"line":132,"column":11},"end":{"line":143,"column":5}}],"line":117},"13":{"loc":{"start":{"line":119,"column":6},"end":{"line":122,"column":7}},"type":"if","locations":[{"start":{"line":119,"column":6},"end":{"line":122,"column":7}},{"start":{},"end":{}}],"line":119},"14":{"loc":{"start":{"line":135,"column":6},"end":{"line":142,"column":7}},"type":"if","locations":[{"start":{"line":135,"column":6},"end":{"line":142,"column":7}},{"start":{},"end":{}}],"line":135}},"s":{"0":1,"1":1,"2":1,"3":1,"4":4,"5":1,"6":3,"7":2,"8":2,"9":2,"10":1,"11":1,"12":3,"13":3,"14":3,"15":2,"16":1,"17":2,"18":2,"19":2,"20":1,"21":1,"22":1,"23":1,"24":1,"25":2,"26":1,"27":1,"28":1,"29":1,"30":1,"31":0,"32":1,"33":1,"34":1,"35":1,"36":4,"37":4,"38":4,"39":3,"40":4,"41":3,"42":3,"43":1,"44":1,"45":2,"46":2,"47":2,"48":2,"49":2,"50":1,"51":1,"52":1,"53":0,"54":0,"55":0,"56":3,"57":1,"58":2},"f":{"0":4,"1":3,"2":2,"3":1,"4":3,"5":2,"6":1,"7":1,"8":4,"9":1,"10":2},"b":{"0":[1,3],"1":[1,2],"2":[2,1],"3":[1,1],"4":[1,0],"5":[1,1],"6":[2,1],"7":[0,1],"8":[1,0],"9":[0,1],"10":[4,1],"11":[3,1],"12":[3,1],"13":[1,2],"14":[0,1]},"_coverageSchema":"1a1c01bbd47fc00a2c39e90264f33305004495a9","hash":"0f23dcdc02e093412be0602bfdda2090653102ea"}
,"/Users/alex/Documents/projects/street-eye-app/store/settings.store.ts": {"path":"/Users/alex/Documents/projects/street-eye-app/store/settings.store.ts","statementMap":{"0":{"start":{"line":23,"column":43},"end":{"line":27,"column":1}},"1":{"start":{"line":29,"column":32},"end":{"line":56,"column":3}},"2":{"start":{"line":29,"column":69},"end":{"line":56,"column":1}},"3":{"start":{"line":34,"column":28},"end":{"line":37,"column":6}},"4":{"start":{"line":38,"column":17},"end":{"line":38,"column":59}},"5":{"start":{"line":39,"column":4},"end":{"line":42,"column":7}},"6":{"start":{"line":46,"column":4},"end":{"line":46,"column":62}},"7":{"start":{"line":47,"column":4},"end":{"line":47,"column":38}},"8":{"start":{"line":51,"column":20},"end":{"line":51,"column":40}},"9":{"start":{"line":52,"column":20},"end":{"line":52,"column":46}},"10":{"start":{"line":53,"column":4},"end":{"line":53,"column":75}},"11":{"start":{"line":54,"column":4},"end":{"line":54,"column":37}}},"fnMap":{"0":{"name":"(anonymous_0)","decl":{"start":{"line":29,"column":54},"end":{"line":29,"column":55}},"loc":{"start":{"line":29,"column":69},"end":{"line":56,"column":1}},"line":29},"1":{"name":"(anonymous_1)","decl":{"start":{"line":33,"column":2},"end":{"line":33,"column":3}},"loc":{"start":{"line":33,"column":30},"end":{"line":43,"column":3}},"line":33},"2":{"name":"(anonymous_2)","decl":{"start":{"line":45,"column":2},"end":{"line":45,"column":3}},"loc":{"start":{"line":45,"column":32},"end":{"line":48,"column":3}},"line":45},"3":{"name":"(anonymous_3)","decl":{"start":{"line":50,"column":2},"end":{"line":50,"column":3}},"loc":{"start":{"line":50,"column":35},"end":{"line":55,"column":3}},"line":50}},"branchMap":{"0":{"loc":{"start":{"line":38,"column":17},"end":{"line":38,"column":59}},"type":"cond-expr","locations":[{"start":{"line":38,"column":23},"end":{"line":38,"column":38}},{"start":{"line":38,"column":41},"end":{"line":38,"column":59}}],"line":38}},"s":{"0":1,"1":1,"2":1,"3":4,"4":4,"5":4,"6":2,"7":2,"8":3,"9":3,"10":3,"11":3},"f":{"0":1,"1":4,"2":2,"3":3},"b":{"0":[2,2]},"_coverageSchema":"1a1c01bbd47fc00a2c39e90264f33305004495a9","hash":"ee1c4db07c04d9d595d5af1c51fb2dbff77dbc3d"}
,"/Users/alex/Documents/projects/street-eye-app/store/subscription.store.ts": {"path":"/Users/alex/Documents/projects/street-eye-app/store/subscription.store.ts","statementMap":{"0":{"start":{"line":6,"column":29},"end":{"line":6,"column":34}},"1":{"start":{"line":8,"column":33},"end":{"line":8,"column":35}},"2":{"start":{"line":9,"column":33},"end":{"line":9,"column":34}},"3":{"start":{"line":10,"column":34},"end":{"line":10,"column":35}},"4":{"start":{"line":13,"column":12},"end":{"line":13,"column":22}},"5":{"start":{"line":14,"column":2},"end":{"line":14,"column":91}},"6":{"start":{"line":18,"column":12},"end":{"line":18,"column":22}},"7":{"start":{"line":19,"column":15},"end":{"line":19,"column":61}},"8":{"start":{"line":20,"column":2},"end":{"line":20,"column":77}},"9":{"start":{"line":39,"column":36},"end":{"line":77,"column":3}},"10":{"start":{"line":39,"column":77},"end":{"line":77,"column":1}},"11":{"start":{"line":46,"column":4},"end":{"line":46,"column":44}},"12":{"start":{"line":46,"column":31},"end":{"line":46,"column":44}},"13":{"start":{"line":47,"column":42},"end":{"line":47,"column":47}},"14":{"start":{"line":48,"column":4},"end":{"line":48,"column":62}},"15":{"start":{"line":52,"column":4},"end":{"line":52,"column":64}},"16":{"start":{"line":52,"column":31},"end":{"line":52,"column":64}},"17":{"start":{"line":53,"column":4},"end":{"line":53,"column":80}},"18":{"start":{"line":58,"column":19},"end":{"line":58,"column":75}},"19":{"start":{"line":59,"column":16},"end":{"line":59,"column":60}},"20":{"start":{"line":60,"column":18},"end":{"line":60,"column":45}},"21":{"start":{"line":61,"column":4},"end":{"line":61,"column":88}},"22":{"start":{"line":65,"column":4},"end":{"line":65,"column":28}},"23":{"start":{"line":69,"column":4},"end":{"line":69,"column":38}},"24":{"start":{"line":69,"column":31},"end":{"line":69,"column":38}},"25":{"start":{"line":70,"column":4},"end":{"line":70,"column":32}},"26":{"start":{"line":70,"column":25},"end":{"line":70,"column":32}},"27":{"start":{"line":71,"column":19},"end":{"line":71,"column":44}},"28":{"start":{"line":72,"column":17},"end":{"line":72,"column":33}},"29":{"start":{"line":73,"column":17},"end":{"line":73,"column":41}},"30":{"start":{"line":74,"column":4},"end":{"line":74,"column":50}},"31":{"start":{"line":75,"column":4},"end":{"line":75,"column":34}}},"fnMap":{"0":{"name":"monthKey","decl":{"start":{"line":12,"column":9},"end":{"line":12,"column":17}},"loc":{"start":{"line":12,"column":42},"end":{"line":15,"column":1}},"line":12},"1":{"name":"nextMonthReset","decl":{"start":{"line":17,"column":9},"end":{"line":17,"column":23}},"loc":{"start":{"line":17,"column":34},"end":{"line":21,"column":1}},"line":17},"2":{"name":"(anonymous_2)","decl":{"start":{"line":39,"column":62},"end":{"line":39,"column":63}},"loc":{"start":{"line":39,"column":77},"end":{"line":77,"column":1}},"line":39},"3":{"name":"(anonymous_3)","decl":{"start":{"line":45,"column":20},"end":{"line":45,"column":21}},"loc":{"start":{"line":45,"column":26},"end":{"line":49,"column":3}},"line":45},"4":{"name":"(anonymous_4)","decl":{"start":{"line":51,"column":19},"end":{"line":51,"column":20}},"loc":{"start":{"line":51,"column":25},"end":{"line":54,"column":3}},"line":51},"5":{"name":"(anonymous_5)","decl":{"start":{"line":56,"column":2},"end":{"line":56,"column":3}},"loc":{"start":{"line":56,"column":35},"end":{"line":62,"column":3}},"line":56},"6":{"name":"(anonymous_6)","decl":{"start":{"line":64,"column":2},"end":{"line":64,"column":3}},"loc":{"start":{"line":64,"column":20},"end":{"line":66,"column":3}},"line":64},"7":{"name":"(anonymous_7)","decl":{"start":{"line":68,"column":2},"end":{"line":68,"column":3}},"loc":{"start":{"line":68,"column":29},"end":{"line":76,"column":3}},"line":68}},"branchMap":{"0":{"loc":{"start":{"line":46,"column":4},"end":{"line":46,"column":44}},"type":"if","locations":[{"start":{"line":46,"column":4},"end":{"line":46,"column":44}},{"start":{},"end":{}}],"line":46},"1":{"loc":{"start":{"line":48,"column":11},"end":{"line":48,"column":61}},"type":"binary-expr","locations":[{"start":{"line":48,"column":11},"end":{"line":48,"column":21}},{"start":{"line":48,"column":25},"end":{"line":48,"column":61}}],"line":48},"2":{"loc":{"start":{"line":52,"column":4},"end":{"line":52,"column":64}},"type":"if","locations":[{"start":{"line":52,"column":4},"end":{"line":52,"column":64}},{"start":{},"end":{}}],"line":52},"3":{"loc":{"start":{"line":53,"column":11},"end":{"line":53,"column":79}},"type":"cond-expr","locations":[{"start":{"line":53,"column":29},"end":{"line":53,"column":54}},{"start":{"line":53,"column":57},"end":{"line":53,"column":79}}],"line":53},"4":{"loc":{"start":{"line":58,"column":19},"end":{"line":58,"column":75}},"type":"binary-expr","locations":[{"start":{"line":58,"column":20},"end":{"line":58,"column":61}},{"start":{"line":58,"column":66},"end":{"line":58,"column":75}}],"line":58},"5":{"loc":{"start":{"line":60,"column":18},"end":{"line":60,"column":45}},"type":"cond-expr","locations":[{"start":{"line":60,"column":24},"end":{"line":60,"column":41}},{"start":{"line":60,"column":44},"end":{"line":60,"column":45}}],"line":60},"6":{"loc":{"start":{"line":69,"column":4},"end":{"line":69,"column":38}},"type":"if","locations":[{"start":{"line":69,"column":4},"end":{"line":69,"column":38}},{"start":{},"end":{}}],"line":69},"7":{"loc":{"start":{"line":70,"column":4},"end":{"line":70,"column":32}},"type":"if","locations":[{"start":{"line":70,"column":4},"end":{"line":70,"column":32}},{"start":{},"end":{}}],"line":70},"8":{"loc":{"start":{"line":71,"column":19},"end":{"line":71,"column":44}},"type":"binary-expr","locations":[{"start":{"line":71,"column":19},"end":{"line":71,"column":31}},{"start":{"line":71,"column":35},"end":{"line":71,"column":44}}],"line":71}},"s":{"0":2,"1":2,"2":2,"3":2,"4":3,"5":3,"6":5,"7":5,"8":5,"9":2,"10":2,"11":7,"12":7,"13":0,"14":0,"15":9,"16":9,"17":0,"18":3,"19":3,"20":3,"21":3,"22":2,"23":3,"24":3,"25":0,"26":0,"27":0,"28":0,"29":0,"30":0,"31":0},"f":{"0":3,"1":5,"2":2,"3":7,"4":9,"5":3,"6":2,"7":3},"b":{"0":[7,0],"1":[0,0],"2":[9,0],"3":[0,0],"4":[3,1],"5":[1,2],"6":[3,0],"7":[0,0],"8":[0,0]},"_coverageSchema":"1a1c01bbd47fc00a2c39e90264f33305004495a9","hash":"d272062aeeaada4f91421685167e032a4e1ac44d"}
,"/Users/alex/Documents/projects/street-eye-app/store/task.store.ts": {"path":"/Users/alex/Documents/projects/street-eye-app/store/task.store.ts","statementMap":{"0":{"start":{"line":35,"column":23},"end":{"line":35,"column":24}},"1":{"start":{"line":37,"column":28},"end":{"line":181,"column":3}},"2":{"start":{"line":37,"column":61},"end":{"line":181,"column":1}},"3":{"start":{"line":49,"column":18},"end":{"line":49,"column":67}},"4":{"start":{"line":50,"column":4},"end":{"line":50,"column":76}},"5":{"start":{"line":51,"column":19},"end":{"line":51,"column":47}},"6":{"start":{"line":53,"column":4},"end":{"line":91,"column":5}},"7":{"start":{"line":54,"column":27},"end":{"line":54,"column":74}},"8":{"start":{"line":56,"column":6},"end":{"line":84,"column":7}},"9":{"start":{"line":58,"column":23},"end":{"line":58,"column":76}},"10":{"start":{"line":58,"column":71},"end":{"line":58,"column":75}},"11":{"start":{"line":59,"column":8},"end":{"line":75,"column":9}},"12":{"start":{"line":60,"column":10},"end":{"line":73,"column":13}},"13":{"start":{"line":74,"column":10},"end":{"line":74,"column":17}},"14":{"start":{"line":78,"column":20},"end":{"line":78,"column":67}},"15":{"start":{"line":79,"column":8},"end":{"line":83,"column":9}},"16":{"start":{"line":80,"column":29},"end":{"line":80,"column":44}},"17":{"start":{"line":81,"column":10},"end":{"line":81,"column":76}},"18":{"start":{"line":82,"column":10},"end":{"line":82,"column":17}},"19":{"start":{"line":86,"column":6},"end":{"line":86,"column":72}},"20":{"start":{"line":90,"column":6},"end":{"line":90,"column":30}},"21":{"start":{"line":95,"column":26},"end":{"line":95,"column":31}},"22":{"start":{"line":96,"column":4},"end":{"line":96,"column":31}},"23":{"start":{"line":96,"column":24},"end":{"line":96,"column":31}},"24":{"start":{"line":98,"column":16},"end":{"line":98,"column":47}},"25":{"start":{"line":99,"column":4},"end":{"line":102,"column":5}},"26":{"start":{"line":100,"column":6},"end":{"line":100,"column":46}},"27":{"start":{"line":101,"column":6},"end":{"line":101,"column":13}},"28":{"start":{"line":104,"column":4},"end":{"line":104,"column":40}},"29":{"start":{"line":105,"column":19},"end":{"line":105,"column":47}},"30":{"start":{"line":107,"column":4},"end":{"line":126,"column":5}},"31":{"start":{"line":108,"column":27},"end":{"line":108,"column":74}},"32":{"start":{"line":111,"column":6},"end":{"line":118,"column":7}},"33":{"start":{"line":112,"column":8},"end":{"line":112,"column":56}},"34":{"start":{"line":114,"column":20},"end":{"line":114,"column":65}},"35":{"start":{"line":116,"column":10},"end":{"line":116,"column":36}},"36":{"start":{"line":117,"column":8},"end":{"line":117,"column":97}},"37":{"start":{"line":120,"column":6},"end":{"line":120,"column":70}},"38":{"start":{"line":120,"column":18},"end":{"line":120,"column":67}},"39":{"start":{"line":122,"column":19},"end":{"line":122,"column":49}},"40":{"start":{"line":123,"column":6},"end":{"line":123,"column":46}},"41":{"start":{"line":125,"column":6},"end":{"line":125,"column":30}},"42":{"start":{"line":130,"column":20},"end":{"line":130,"column":52}},"43":{"start":{"line":131,"column":28},"end":{"line":131,"column":33}},"44":{"start":{"line":132,"column":4},"end":{"line":132,"column":85}},"45":{"start":{"line":133,"column":4},"end":{"line":133,"column":63}},"46":{"start":{"line":134,"column":4},"end":{"line":134,"column":22}},"47":{"start":{"line":138,"column":20},"end":{"line":138,"column":58}},"48":{"start":{"line":139,"column":4},"end":{"line":153,"column":7}},"49":{"start":{"line":154,"column":4},"end":{"line":154,"column":63}},"50":{"start":{"line":158,"column":32},"end":{"line":158,"column":37}},"51":{"start":{"line":159,"column":4},"end":{"line":159,"column":81}},"52":{"start":{"line":160,"column":4},"end":{"line":165,"column":5}},"53":{"start":{"line":161,"column":6},"end":{"line":161,"column":62}},"54":{"start":{"line":162,"column":6},"end":{"line":162,"column":54}},"55":{"start":{"line":164,"column":6},"end":{"line":164,"column":79}},"56":{"start":{"line":167,"column":4},"end":{"line":167,"column":55}},"57":{"start":{"line":168,"column":18},"end":{"line":168,"column":67}},"58":{"start":{"line":169,"column":4},"end":{"line":176,"column":7}},"59":{"start":{"line":179,"column":22},"end":{"line":179,"column":48}},"60":{"start":{"line":180,"column":22},"end":{"line":180,"column":42}}},"fnMap":{"0":{"name":"(anonymous_0)","decl":{"start":{"line":37,"column":46},"end":{"line":37,"column":47}},"loc":{"start":{"line":37,"column":61},"end":{"line":181,"column":1}},"line":37},"1":{"name":"(anonymous_1)","decl":{"start":{"line":47,"column":2},"end":{"line":47,"column":3}},"loc":{"start":{"line":47,"column":26},"end":{"line":92,"column":3}},"line":47},"2":{"name":"(anonymous_2)","decl":{"start":{"line":58,"column":65},"end":{"line":58,"column":66}},"loc":{"start":{"line":58,"column":71},"end":{"line":58,"column":75}},"line":58},"3":{"name":"(anonymous_3)","decl":{"start":{"line":94,"column":2},"end":{"line":94,"column":3}},"loc":{"start":{"line":94,"column":23},"end":{"line":127,"column":3}},"line":94},"4":{"name":"(anonymous_4)","decl":{"start":{"line":120,"column":10},"end":{"line":120,"column":11}},"loc":{"start":{"line":120,"column":18},"end":{"line":120,"column":67}},"line":120},"5":{"name":"(anonymous_5)","decl":{"start":{"line":129,"column":2},"end":{"line":129,"column":3}},"loc":{"start":{"line":129,"column":27},"end":{"line":135,"column":3}},"line":129},"6":{"name":"(anonymous_6)","decl":{"start":{"line":137,"column":2},"end":{"line":137,"column":3}},"loc":{"start":{"line":137,"column":31},"end":{"line":155,"column":3}},"line":137},"7":{"name":"(anonymous_7)","decl":{"start":{"line":157,"column":2},"end":{"line":157,"column":3}},"loc":{"start":{"line":157,"column":29},"end":{"line":177,"column":3}},"line":157},"8":{"name":"(anonymous_8)","decl":{"start":{"line":179,"column":16},"end":{"line":179,"column":17}},"loc":{"start":{"line":179,"column":22},"end":{"line":179,"column":48}},"line":179},"9":{"name":"(anonymous_9)","decl":{"start":{"line":180,"column":16},"end":{"line":180,"column":17}},"loc":{"start":{"line":180,"column":22},"end":{"line":180,"column":42}},"line":180}},"branchMap":{"0":{"loc":{"start":{"line":56,"column":6},"end":{"line":84,"column":7}},"type":"if","locations":[{"start":{"line":56,"column":6},"end":{"line":84,"column":7}},{"start":{"line":76,"column":13},"end":{"line":84,"column":7}}],"line":56},"1":{"loc":{"start":{"line":59,"column":8},"end":{"line":75,"column":9}},"type":"if","locations":[{"start":{"line":59,"column":8},"end":{"line":75,"column":9}},{"start":{},"end":{}}],"line":59},"2":{"loc":{"start":{"line":79,"column":8},"end":{"line":83,"column":9}},"type":"if","locations":[{"start":{"line":79,"column":8},"end":{"line":83,"column":9}},{"start":{},"end":{}}],"line":79},"3":{"loc":{"start":{"line":96,"column":4},"end":{"line":96,"column":31}},"type":"if","locations":[{"start":{"line":96,"column":4},"end":{"line":96,"column":31}},{"start":{},"end":{}}],"line":96},"4":{"loc":{"start":{"line":99,"column":4},"end":{"line":102,"column":5}},"type":"if","locations":[{"start":{"line":99,"column":4},"end":{"line":102,"column":5}},{"start":{},"end":{}}],"line":99},"5":{"loc":{"start":{"line":111,"column":6},"end":{"line":118,"column":7}},"type":"if","locations":[{"start":{"line":111,"column":6},"end":{"line":118,"column":7}},{"start":{"line":113,"column":13},"end":{"line":118,"column":7}}],"line":111},"6":{"loc":{"start":{"line":115,"column":16},"end":{"line":115,"column":34}},"type":"default-arg","locations":[{"start":{"line":115,"column":24},"end":{"line":115,"column":34}}],"line":115},"7":{"loc":{"start":{"line":115,"column":36},"end":{"line":115,"column":68}},"type":"default-arg","locations":[{"start":{"line":115,"column":58},"end":{"line":115,"column":68}}],"line":115},"8":{"loc":{"start":{"line":116,"column":10},"end":{"line":116,"column":36}},"type":"cond-expr","locations":[{"start":{"line":116,"column":16},"end":{"line":116,"column":31}},{"start":{"line":116,"column":34},"end":{"line":116,"column":36}}],"line":116},"9":{"loc":{"start":{"line":123,"column":19},"end":{"line":123,"column":42}},"type":"binary-expr","locations":[{"start":{"line":123,"column":19},"end":{"line":123,"column":23}},{"start":{"line":123,"column":27},"end":{"line":123,"column":42}}],"line":123},"10":{"loc":{"start":{"line":160,"column":4},"end":{"line":165,"column":5}},"type":"if","locations":[{"start":{"line":160,"column":4},"end":{"line":165,"column":5}},{"start":{"line":163,"column":11},"end":{"line":165,"column":5}}],"line":160}},"s":{"0":1,"1":1,"2":1,"3":4,"4":4,"5":4,"6":4,"7":4,"8":4,"9":2,"10":0,"11":2,"12":1,"13":1,"14":2,"15":2,"16":1,"17":1,"18":1,"19":2,"20":4,"21":5,"22":5,"23":1,"24":4,"25":4,"26":0,"27":0,"28":4,"29":4,"30":4,"31":4,"32":4,"33":3,"34":1,"35":1,"36":1,"37":2,"38":2,"39":2,"40":2,"41":4,"42":1,"43":1,"44":1,"45":1,"46":1,"47":1,"48":1,"49":1,"50":3,"51":3,"52":3,"53":1,"54":1,"55":2,"56":3,"57":3,"58":3,"59":1,"60":1},"f":{"0":1,"1":4,"2":0,"3":5,"4":2,"5":1,"6":1,"7":3,"8":1,"9":1},"b":{"0":[2,2],"1":[1,1],"2":[1,1],"3":[1,4],"4":[0,4],"5":[3,1],"6":[0],"7":[0],"8":[1,0],"9":[2,1],"10":[1,2]},"_coverageSchema":"1a1c01bbd47fc00a2c39e90264f33305004495a9","hash":"ab59c9050e297cbce40cc8278b1e3dd4ef14c876"}
}
