TN:
SF:components/task/SavedTasksList.tsx
FN:27,relativeDate
FN:37,SavedTasksList
FN:51,(anonymous_2)
FN:52,(anonymous_3)
FN:53,(anonymous_4)
FN:56,(anonymous_5)
FN:58,(anonymous_6)
FN:69,(anonymous_7)
FN:78,(anonymous_8)
FN:92,(anonymous_9)
FN:96,(anonymous_10)
FN:108,(anonymous_11)
FN:113,(anonymous_12)
FN:122,(anonymous_13)
FN:139,(anonymous_14)
FN:150,(anonymous_15)
FN:151,(anonymous_16)
FN:154,(anonymous_17)
FN:154,(anonymous_18)
FN:181,(anonymous_19)
FN:185,(anonymous_20)
FN:204,(anonymous_21)
FN:208,(anonymous_22)
FNF:23
FNH:16
FNDA:21,relativeDate
FNDA:40,SavedTasksList
FNDA:0,(anonymous_2)
FNDA:0,(anonymous_3)
FNDA:0,(anonymous_4)
FNDA:0,(anonymous_5)
FNDA:0,(anonymous_6)
FNDA:15,(anonymous_7)
FNDA:12,(anonymous_8)
FNDA:15,(anonymous_9)
FNDA:7,(anonymous_10)
FNDA:2,(anonymous_11)
FNDA:2,(anonymous_12)
FNDA:3,(anonymous_13)
FNDA:2,(anonymous_14)
FNDA:1,(anonymous_15)
FNDA:1,(anonymous_16)
FNDA:1,(anonymous_17)
FNDA:1,(anonymous_18)
FNDA:21,(anonymous_19)
FNDA:7,(anonymous_20)
FNDA:0,(anonymous_21)
FNDA:0,(anonymous_22)
DA:28,21
DA:29,21
DA:30,21
DA:31,21
DA:32,21
DA:33,0
DA:34,0
DA:38,40
DA:39,40
DA:41,40
DA:42,40
DA:43,40
DA:44,40
DA:45,40
DA:47,40
DA:49,40
DA:51,0
DA:52,0
DA:54,0
DA:57,0
DA:58,0
DA:59,0
DA:60,0
DA:63,0
DA:69,40
DA:70,15
DA:71,15
DA:72,15
DA:73,15
DA:74,15
DA:75,13
DA:77,13
DA:78,13
DA:79,12
DA:80,11
DA:81,11
DA:83,13
DA:85,1
DA:88,14
DA:92,40
DA:96,40
DA:97,7
DA:98,7
DA:99,7
DA:100,7
DA:108,40
DA:109,2
DA:114,2
DA:115,2
DA:116,2
DA:122,40
DA:123,3
DA:124,3
DA:125,3
DA:126,3
DA:127,1
DA:129,2
DA:130,2
DA:131,1
DA:133,1
DA:135,2
DA:139,40
DA:140,2
DA:141,2
DA:142,2
DA:151,1
DA:152,1
DA:153,1
DA:154,1
DA:156,0
DA:170,40
DA:172,21
DA:182,21
DA:185,7
DA:204,0
DA:208,0
DA:287,1
LF:77
LH:64
BRDA:28,0,0,0
BRDA:28,0,1,21
BRDA:30,1,0,0
BRDA:30,1,1,21
BRDA:32,2,0,21
BRDA:32,2,1,0
BRDA:33,3,0,0
BRDA:33,3,1,0
BRDA:54,4,0,0
BRDA:54,4,1,0
BRDA:57,5,0,0
BRDA:57,5,1,0
BRDA:57,6,0,0
BRDA:57,6,1,0
BRDA:79,7,0,1
BRDA:79,7,1,11
BRDA:123,8,0,0
BRDA:123,8,1,3
BRDA:130,9,0,1
BRDA:130,9,1,1
BRDA:140,10,0,0
BRDA:140,10,1,2
BRDA:170,11,0,19
BRDA:170,11,1,21
BRDA:170,12,0,40
BRDA:170,12,1,25
BRDA:193,13,0,21
BRDA:193,13,1,21
BRDA:216,14,0,21
BRDA:216,14,1,10
BRDA:240,15,0,10
BRDA:240,15,1,10
BRDA:256,16,0,10
BRDA:256,16,1,1
BRDA:261,17,0,1
BRDA:261,17,1,9
BRDA:307,18,0,1
BRDA:307,18,1,0
BRF:38
BRH:24
end_of_record
TN:
SF:constants/theme.ts
FNF:0
FNH:0
DA:3,1
DA:39,1
LF:2
LH:2
BRDA:27,0,0,1
BRDA:27,0,1,0
BRF:2
BRH:1
end_of_record
TN:
SF:lib/api/sessions.ts
FN:41,(anonymous_0)
FN:47,(anonymous_1)
FN:56,(anonymous_2)
FN:80,(anonymous_3)
FN:91,(anonymous_4)
FNF:5
FNH:5
FNDA:1,(anonymous_0)
FNDA:1,(anonymous_1)
FNDA:3,(anonymous_2)
FNDA:3,(anonymous_3)
FNDA:2,(anonymous_4)
DA:40,1
DA:42,1
DA:43,1
DA:44,1
DA:51,1
DA:52,1
DA:53,1
DA:57,3
DA:58,3
DA:61,1
DA:62,1
DA:75,2
DA:76,1
DA:81,3
DA:82,3
DA:86,2
DA:87,2
DA:89,2
DA:90,2
DA:91,2
DA:105,1
DA:106,1
LF:22
LH:22
BRDA:75,0,0,1
BRDA:75,0,1,1
BRDA:89,1,0,1
BRDA:89,1,1,1
BRDA:89,2,0,1
BRDA:89,2,1,0
BRDA:105,3,0,1
BRDA:105,3,1,1
BRF:8
BRH:7
end_of_record
TN:
SF:lib/api/tasks.ts
FN:20,(anonymous_0)
FN:24,(anonymous_1)
FN:41,(anonymous_2)
FN:52,(anonymous_3)
FNF:4
FNH:4
FNDA:6,(anonymous_0)
FNDA:4,(anonymous_1)
FNDA:4,(anonymous_2)
FNDA:1,(anonymous_3)
DA:20,1
DA:21,6
DA:23,1
DA:29,4
DA:30,4
DA:38,4
DA:45,4
DA:49,4
DA:53,1
DA:56,1
LF:10
LH:10
BRDA:21,0,0,2
BRDA:21,0,1,4
BRDA:47,1,0,1
BRDA:47,1,1,3
BRF:4
BRH:4
end_of_record
TN:
SF:lib/i18n/index.ts
FNF:0
FNH:0
DA:7,4
DA:8,4
DA:10,4
LF:3
LH:3
BRDA:7,0,0,4
BRDA:7,0,1,0
BRDA:8,1,0,4
BRDA:8,1,1,0
BRF:4
BRH:2
end_of_record
TN:
SF:store/auth.store.ts
FN:11,(anonymous_0)
FN:28,(anonymous_1)
FN:34,(anonymous_2)
FN:36,(anonymous_3)
FN:53,(anonymous_4)
FN:71,(anonymous_5)
FN:85,(anonymous_6)
FN:109,(anonymous_7)
FNF:8
FNH:8
FNDA:3,(anonymous_0)
FNDA:1,(anonymous_1)
FNDA:2,(anonymous_2)
FNDA:2,(anonymous_3)
FNDA:3,(anonymous_4)
FNDA:3,(anonymous_5)
FNDA:3,(anonymous_6)
FNDA:28,(anonymous_7)
DA:11,1
DA:12,3
DA:28,1
DA:34,2
DA:37,2
DA:40,2
DA:41,2
DA:45,2
DA:46,2
DA:47,2
DA:48,2
DA:50,2
DA:54,3
DA:55,3
DA:57,3
DA:58,3
DA:60,3
DA:72,3
DA:73,3
DA:74,2
DA:75,2
DA:80,3
DA:81,3
DA:82,3
DA:86,3
DA:87,3
DA:88,3
DA:89,1
DA:90,1
DA:92,2
DA:93,1
DA:94,1
DA:96,1
DA:97,1
DA:98,1
DA:100,1
DA:101,1
DA:102,1
DA:103,1
DA:109,1
DA:110,28
DA:111,8
DA:113,20
LF:43
LH:43
BRDA:12,0,0,1
BRDA:12,0,1,2
BRDA:34,1,0,1
BRDA:34,1,1,1
BRDA:55,2,0,2
BRDA:55,2,1,1
BRDA:57,3,0,3
BRDA:57,3,1,1
BRDA:58,4,0,3
BRDA:58,4,1,1
BRDA:63,5,0,3
BRDA:63,5,1,1
BRDA:73,6,0,2
BRDA:73,6,1,1
BRDA:88,7,0,1
BRDA:88,7,1,2
BRDA:96,8,0,1
BRDA:96,8,1,0
BRDA:110,9,0,8
BRDA:110,9,1,20
BRF:20
BRH:19
end_of_record
TN:
SF:store/profile.store.ts
FN:12,(anonymous_0)
FN:13,(anonymous_1)
FN:32,scheduleDailyReminder
FN:49,(anonymous_3)
FN:57,(anonymous_4)
FN:80,(anonymous_5)
FN:103,(anonymous_6)
FN:107,(anonymous_7)
FN:112,(anonymous_8)
FN:148,(anonymous_9)
FN:152,(anonymous_10)
FNF:11
FNH:11
FNDA:4,(anonymous_0)
FNDA:3,(anonymous_1)
FNDA:2,scheduleDailyReminder
FNDA:1,(anonymous_3)
FNDA:3,(anonymous_4)
FNDA:2,(anonymous_5)
FNDA:1,(anonymous_6)
FNDA:1,(anonymous_7)
FNDA:4,(anonymous_8)
FNDA:1,(anonymous_9)
FNDA:2,(anonymous_10)
DA:7,1
DA:8,1
DA:9,1
DA:12,4
DA:13,3
DA:33,2
DA:34,2
DA:35,2
DA:49,1
DA:58,3
DA:59,3
DA:60,3
DA:67,2
DA:76,1
DA:81,2
DA:82,2
DA:84,2
DA:85,1
DA:86,1
DA:87,1
DA:88,1
DA:89,1
DA:92,2
DA:93,1
DA:94,1
DA:95,1
DA:96,1
DA:97,0
DA:99,1
DA:104,1
DA:108,1
DA:109,1
DA:113,4
DA:114,4
DA:115,4
DA:117,4
DA:118,3
DA:119,3
DA:120,1
DA:121,1
DA:123,2
DA:125,2
DA:126,2
DA:127,2
DA:128,2
DA:133,1
DA:134,1
DA:135,1
DA:136,0
DA:137,0
DA:138,0
DA:145,3
DA:149,1
DA:153,2
LF:54
LH:50
BRDA:12,0,0,1
BRDA:12,0,1,3
BRDA:13,1,0,1
BRDA:13,1,1,2
BRDA:72,2,0,2
BRDA:72,2,1,1
BRDA:84,3,0,1
BRDA:84,3,1,1
BRDA:88,4,0,1
BRDA:88,4,1,0
BRDA:92,5,0,1
BRDA:92,5,1,1
BRDA:92,6,0,2
BRDA:92,6,1,1
BRDA:94,7,0,0
BRDA:94,7,1,1
BRDA:95,8,0,1
BRDA:95,8,1,0
BRDA:96,9,0,0
BRDA:96,9,1,1
BRDA:113,10,0,4
BRDA:113,10,1,1
BRDA:115,11,0,3
BRDA:115,11,1,1
BRDA:117,12,0,3
BRDA:117,12,1,1
BRDA:119,13,0,1
BRDA:119,13,1,2
BRDA:135,14,0,0
BRDA:135,14,1,1
BRF:30
BRH:25
end_of_record
TN:
SF:store/settings.store.ts
FN:29,(anonymous_0)
FN:33,(anonymous_1)
FN:45,(anonymous_2)
FN:50,(anonymous_3)
FNF:4
FNH:4
FNDA:1,(anonymous_0)
FNDA:4,(anonymous_1)
FNDA:2,(anonymous_2)
FNDA:3,(anonymous_3)
DA:23,1
DA:29,1
DA:34,4
DA:38,4
DA:39,4
DA:46,2
DA:47,2
DA:51,3
DA:52,3
DA:53,3
DA:54,3
LF:11
LH:11
BRDA:38,0,0,2
BRDA:38,0,1,2
BRF:2
BRH:2
end_of_record
TN:
SF:store/subscription.store.ts
FN:12,monthKey
FN:17,nextMonthReset
FN:39,(anonymous_2)
FN:45,(anonymous_3)
FN:51,(anonymous_4)
FN:56,(anonymous_5)
FN:64,(anonymous_6)
FN:68,(anonymous_7)
FNF:8
FNH:8
FNDA:3,monthKey
FNDA:5,nextMonthReset
FNDA:2,(anonymous_2)
FNDA:7,(anonymous_3)
FNDA:9,(anonymous_4)
FNDA:3,(anonymous_5)
FNDA:2,(anonymous_6)
FNDA:3,(anonymous_7)
DA:6,2
DA:8,2
DA:9,2
DA:10,2
DA:13,3
DA:14,3
DA:18,5
DA:19,5
DA:20,5
DA:39,2
DA:46,7
DA:47,0
DA:48,0
DA:52,9
DA:53,0
DA:58,3
DA:59,3
DA:60,3
DA:61,3
DA:65,2
DA:69,3
DA:70,0
DA:71,0
DA:72,0
DA:73,0
DA:74,0
DA:75,0
LF:27
LH:18
BRDA:46,0,0,7
BRDA:46,0,1,0
BRDA:48,1,0,0
BRDA:48,1,1,0
BRDA:52,2,0,9
BRDA:52,2,1,0
BRDA:53,3,0,0
BRDA:53,3,1,0
BRDA:58,4,0,3
BRDA:58,4,1,1
BRDA:60,5,0,1
BRDA:60,5,1,2
BRDA:69,6,0,3
BRDA:69,6,1,0
BRDA:70,7,0,0
BRDA:70,7,1,0
BRDA:71,8,0,0
BRDA:71,8,1,0
BRF:18
BRH:7
end_of_record
TN:
SF:store/task.store.ts
FN:37,(anonymous_0)
FN:47,(anonymous_1)
FN:58,(anonymous_2)
FN:94,(anonymous_3)
FN:120,(anonymous_4)
FN:129,(anonymous_5)
FN:137,(anonymous_6)
FN:157,(anonymous_7)
FN:179,(anonymous_8)
FN:180,(anonymous_9)
FNF:10
FNH:9
FNDA:1,(anonymous_0)
FNDA:4,(anonymous_1)
FNDA:0,(anonymous_2)
FNDA:5,(anonymous_3)
FNDA:2,(anonymous_4)
FNDA:1,(anonymous_5)
FNDA:1,(anonymous_6)
FNDA:3,(anonymous_7)
FNDA:1,(anonymous_8)
FNDA:1,(anonymous_9)
DA:35,1
DA:37,1
DA:49,4
DA:50,4
DA:51,4
DA:53,4
DA:54,4
DA:56,4
DA:58,2
DA:59,2
DA:60,1
DA:74,1
DA:78,2
DA:79,2
DA:80,1
DA:81,1
DA:82,1
DA:86,2
DA:90,4
DA:95,5
DA:96,5
DA:98,4
DA:99,4
DA:100,0
DA:101,0
DA:104,4
DA:105,4
DA:107,4
DA:108,4
DA:111,4
DA:112,3
DA:114,1
DA:116,1
DA:117,1
DA:120,2
DA:122,2
DA:123,2
DA:125,4
DA:130,1
DA:131,1
DA:132,1
DA:133,1
DA:134,1
DA:138,1
DA:139,1
DA:154,1
DA:158,3
DA:159,3
DA:160,3
DA:161,1
DA:162,1
DA:164,2
DA:167,3
DA:168,3
DA:169,3
DA:179,1
DA:180,1
LF:57
LH:55
BRDA:56,0,0,2
BRDA:56,0,1,2
BRDA:59,1,0,1
BRDA:59,1,1,1
BRDA:79,2,0,1
BRDA:79,2,1,1
BRDA:96,3,0,1
BRDA:96,3,1,4
BRDA:99,4,0,0
BRDA:99,4,1,4
BRDA:111,5,0,3
BRDA:111,5,1,1
BRDA:115,6,0,0
BRDA:115,7,0,0
BRDA:116,8,0,1
BRDA:116,8,1,0
BRDA:123,9,0,2
BRDA:123,9,1,1
BRDA:160,10,0,1
BRDA:160,10,1,2
BRF:20
BRH:16
end_of_record
